<?xml version="1.0" encoding="UTF-8"?>
<!-- Generated by org.testng.reporters.JUnitReportReporter -->
<testsuite hostname="LAPTOP-CJE6AUSA" failures="0" tests="1" name="runner.RunTest" time="6.690" errors="0" timestamp="20 Dec 2023 07:12:17 GMT" skipped="0">
  <testcase classname="runner.RunTest" name="runScenario" time="6.690"/>
</testsuite> <!-- runner.RunTest -->
